<?xml version="1.0" encoding="UTF-8"?>
<testng-results ignored="24" total="37" passed="12" failed="1" skipped="0">
  <reporter-output>
  </reporter-output>
  <suite started-at="2021-06-24T13:38:54 ICT" name="All Test Suite" finished-at="2021-06-24T13:40:14 ICT" duration-ms="80592">
    <groups>
    </groups>
    <test started-at="2021-06-24T13:38:54 ICT" name="Railway test" finished-at="2021-06-24T13:40:14 ICT" duration-ms="80592">
      <class name="Testcases.Railway.LoginTest.TestCase06">
        <test-method is-config="true" signature="beforeClass(java.lang.String)[pri:0, instance:Testcases.Railway.LoginTest.TestCase06@2890c451]" started-at="2021-06-24T13:39:22 ICT" name="beforeClass" finished-at="2021-06-24T13:39:23 ICT" duration-ms="904" status="PASS">
          <params>
            <param index="0">
              <value>
                <![CDATA[edge]]>
              </value>
            </param>
          </params>
          <reporter-output>
          </reporter-output>
        </test-method> <!-- beforeClass -->
        <test-method signature="TC06()[pri:0, instance:Testcases.Railway.LoginTest.TestCase06@2890c451]" started-at="2021-06-24T13:39:23 ICT" name="TC06" description="TC06 - Additional pages display once user logged in" finished-at="2021-06-24T13:39:30 ICT" duration-ms="7012" status="PASS">
          <reporter-output>
          </reporter-output>
        </test-method> <!-- TC06 -->
        <test-method is-config="true" signature="getResult(org.testng.ITestResult)[pri:0, instance:Testcases.Railway.LoginTest.TestCase06@2890c451]" started-at="2021-06-24T13:39:30 ICT" name="getResult" finished-at="2021-06-24T13:39:30 ICT" duration-ms="0" status="PASS">
          <params>
            <param index="0">
              <value>
                <![CDATA[[TestResult name=TC06 status=SUCCESS method=TestCase06.TC06()[pri:0, instance:Testcases.Railway.LoginTest.TestCase06@2890c451] output={null}]]]>
              </value>
            </param>
          </params>
          <reporter-output>
          </reporter-output>
        </test-method> <!-- getResult -->
        <test-method is-config="true" signature="afterClass()[pri:0, instance:Testcases.Railway.LoginTest.TestCase06@2890c451]" started-at="2021-06-24T13:39:30 ICT" name="afterClass" finished-at="2021-06-24T13:39:30 ICT" duration-ms="198" status="PASS">
          <reporter-output>
          </reporter-output>
        </test-method> <!-- afterClass -->
      </class> <!-- Testcases.Railway.LoginTest.TestCase06 -->
      <class name="Testcases.Railway.LoginTest.TestCase05">
        <test-method is-config="true" signature="beforeClass(java.lang.String)[pri:0, instance:Testcases.Railway.LoginTest.TestCase05@2145433b]" started-at="2021-06-24T13:39:14 ICT" name="beforeClass" finished-at="2021-06-24T13:39:15 ICT" duration-ms="1025" status="PASS">
          <params>
            <param index="0">
              <value>
                <![CDATA[edge]]>
              </value>
            </param>
          </params>
          <reporter-output>
          </reporter-output>
        </test-method> <!-- beforeClass -->
        <test-method signature="TC05()[pri:0, instance:Testcases.Railway.LoginTest.TestCase05@2145433b]" started-at="2021-06-24T13:39:15 ICT" name="TC05" description="TC05 - System shows message when user enters wrong password several times" finished-at="2021-06-24T13:39:22 ICT" duration-ms="6213" status="FAIL">
          <exception class="java.lang.AssertionError">
            <message>
              <![CDATA[Login error message is not displayed as expected expected [You have used 4 out of 5 login attempts. After all 5 have been used, you will be unable to login for 15 minutes.] but found [Invalid username or password. Please try again.]]]>
            </message>
            <full-stacktrace>
              <![CDATA[java.lang.AssertionError: Login error message is not displayed as expected expected [You have used 4 out of 5 login attempts. After all 5 have been used, you will be unable to login for 15 minutes.] but found [Invalid username or password. Please try again.]
at org.testng.Assert.fail(Assert.java:99)
at org.testng.Assert.failNotEquals(Assert.java:1037)
at org.testng.Assert.assertEqualsImpl(Assert.java:140)
at org.testng.Assert.assertEquals(Assert.java:122)
at org.testng.Assert.assertEquals(Assert.java:629)
at Testcases.Railway.LoginTest.TestCase05.TC05(TestCase05.java:36)
at java.base/jdk.internal.reflect.NativeMethodAccessorImpl.invoke0(Native Method)
at java.base/jdk.internal.reflect.NativeMethodAccessorImpl.invoke(NativeMethodAccessorImpl.java:78)
at java.base/jdk.internal.reflect.DelegatingMethodAccessorImpl.invoke(DelegatingMethodAccessorImpl.java:43)
at java.base/java.lang.reflect.Method.invoke(Method.java:567)
at org.testng.internal.MethodInvocationHelper.invokeMethod(MethodInvocationHelper.java:133)
at org.testng.internal.TestInvoker.invokeMethod(TestInvoker.java:598)
at org.testng.internal.TestInvoker.invokeTestMethod(TestInvoker.java:173)
at org.testng.internal.MethodRunner.runInSequence(MethodRunner.java:46)
at org.testng.internal.TestInvoker$MethodInvocationAgent.invoke(TestInvoker.java:824)
at org.testng.internal.TestInvoker.invokeTestMethods(TestInvoker.java:146)
at org.testng.internal.TestMethodWorker.invokeTestMethods(TestMethodWorker.java:146)
at org.testng.internal.TestMethodWorker.run(TestMethodWorker.java:128)
at java.base/java.util.ArrayList.forEach(ArrayList.java:1511)
at org.testng.TestRunner.privateRun(TestRunner.java:794)
at org.testng.TestRunner.run(TestRunner.java:596)
at org.testng.SuiteRunner.runTest(SuiteRunner.java:377)
at org.testng.SuiteRunner.runSequentially(SuiteRunner.java:371)
at org.testng.SuiteRunner.privateRun(SuiteRunner.java:332)
at org.testng.SuiteRunner.run(SuiteRunner.java:276)
at org.testng.SuiteRunnerWorker.runSuite(SuiteRunnerWorker.java:53)
at org.testng.SuiteRunnerWorker.run(SuiteRunnerWorker.java:96)
at org.testng.TestNG.runSuitesSequentially(TestNG.java:1212)
at org.testng.TestNG.runSuitesLocally(TestNG.java:1134)
at org.testng.TestNG.runSuites(TestNG.java:1063)
at org.testng.TestNG.run(TestNG.java:1031)
at com.intellij.rt.testng.IDEARemoteTestNG.run(IDEARemoteTestNG.java:66)
at com.intellij.rt.testng.RemoteTestNGStarter.main(RemoteTestNGStarter.java:109)
]]>
            </full-stacktrace>
          </exception> <!-- java.lang.AssertionError -->
          <reporter-output>
          </reporter-output>
        </test-method> <!-- TC05 -->
        <test-method is-config="true" signature="getResult(org.testng.ITestResult)[pri:0, instance:Testcases.Railway.LoginTest.TestCase05@2145433b]" started-at="2021-06-24T13:39:22 ICT" name="getResult" finished-at="2021-06-24T13:39:22 ICT" duration-ms="1" status="PASS">
          <params>
            <param index="0">
              <value>
                <![CDATA[[TestResult name=TC05 status=FAILURE method=TestCase05.TC05()[pri:0, instance:Testcases.Railway.LoginTest.TestCase05@2145433b] output={null}]]]>
              </value>
            </param>
          </params>
          <reporter-output>
          </reporter-output>
        </test-method> <!-- getResult -->
        <test-method is-config="true" signature="afterClass()[pri:0, instance:Testcases.Railway.LoginTest.TestCase05@2145433b]" started-at="2021-06-24T13:39:22 ICT" name="afterClass" finished-at="2021-06-24T13:39:22 ICT" duration-ms="162" status="PASS">
          <reporter-output>
          </reporter-output>
        </test-method> <!-- afterClass -->
      </class> <!-- Testcases.Railway.LoginTest.TestCase05 -->
      <class name="Testcases.Railway.MyTicketTest.TestCase16">
        <test-method is-config="true" signature="beforeClass(java.lang.String)[pri:0, instance:Testcases.Railway.MyTicketTest.TestCase16@1f1c7bf6]" started-at="2021-06-24T13:40:06 ICT" name="beforeClass" finished-at="2021-06-24T13:40:06 ICT" duration-ms="840" status="PASS">
          <params>
            <param index="0">
              <value>
                <![CDATA[edge]]>
              </value>
            </param>
          </params>
          <reporter-output>
          </reporter-output>
        </test-method> <!-- beforeClass -->
        <test-method signature="TC16()[pri:0, instance:Testcases.Railway.MyTicketTest.TestCase16@1f1c7bf6]" started-at="2021-06-24T13:40:06 ICT" name="TC16" description="TC16 - User can cancel a ticket" finished-at="2021-06-24T13:40:14 ICT" duration-ms="7328" status="PASS">
          <reporter-output>
          </reporter-output>
        </test-method> <!-- TC16 -->
        <test-method is-config="true" signature="getResult(org.testng.ITestResult)[pri:0, instance:Testcases.Railway.MyTicketTest.TestCase16@1f1c7bf6]" started-at="2021-06-24T13:40:14 ICT" name="getResult" finished-at="2021-06-24T13:40:14 ICT" duration-ms="1" status="PASS">
          <params>
            <param index="0">
              <value>
                <![CDATA[[TestResult name=TC16 status=SUCCESS method=TestCase16.TC16()[pri:0, instance:Testcases.Railway.MyTicketTest.TestCase16@1f1c7bf6] output={null}]]]>
              </value>
            </param>
          </params>
          <reporter-output>
          </reporter-output>
        </test-method> <!-- getResult -->
        <test-method is-config="true" signature="afterClass()[pri:0, instance:Testcases.Railway.MyTicketTest.TestCase16@1f1c7bf6]" started-at="2021-06-24T13:40:14 ICT" name="afterClass" finished-at="2021-06-24T13:40:14 ICT" duration-ms="218" status="PASS">
          <reporter-output>
          </reporter-output>
        </test-method> <!-- afterClass -->
      </class> <!-- Testcases.Railway.MyTicketTest.TestCase16 -->
      <class name="Testcases.Railway.RegisterTest.TestCase07">
        <test-method is-config="true" signature="beforeClass(java.lang.String)[pri:0, instance:Testcases.Railway.RegisterTest.TestCase07@40e6dfe1]" started-at="2021-06-24T13:39:30 ICT" name="beforeClass" finished-at="2021-06-24T13:39:31 ICT" duration-ms="826" status="PASS">
          <params>
            <param index="0">
              <value>
                <![CDATA[edge]]>
              </value>
            </param>
          </params>
          <reporter-output>
          </reporter-output>
        </test-method> <!-- beforeClass -->
        <test-method signature="TC07()[pri:0, instance:Testcases.Railway.RegisterTest.TestCase07@40e6dfe1]" started-at="2021-06-24T13:39:31 ICT" name="TC07" description="TC07 - User can create new account" finished-at="2021-06-24T13:39:35 ICT" duration-ms="4149" status="PASS">
          <reporter-output>
          </reporter-output>
        </test-method> <!-- TC07 -->
        <test-method is-config="true" signature="getResult(org.testng.ITestResult)[pri:0, instance:Testcases.Railway.RegisterTest.TestCase07@40e6dfe1]" started-at="2021-06-24T13:39:35 ICT" name="getResult" finished-at="2021-06-24T13:39:35 ICT" duration-ms="1" status="PASS">
          <params>
            <param index="0">
              <value>
                <![CDATA[[TestResult name=TC07 status=SUCCESS method=TestCase07.TC07()[pri:0, instance:Testcases.Railway.RegisterTest.TestCase07@40e6dfe1] output={null}]]]>
              </value>
            </param>
          </params>
          <reporter-output>
          </reporter-output>
        </test-method> <!-- getResult -->
        <test-method is-config="true" signature="afterClass()[pri:0, instance:Testcases.Railway.RegisterTest.TestCase07@40e6dfe1]" started-at="2021-06-24T13:39:35 ICT" name="afterClass" finished-at="2021-06-24T13:39:35 ICT" duration-ms="170" status="PASS">
          <reporter-output>
          </reporter-output>
        </test-method> <!-- afterClass -->
      </class> <!-- Testcases.Railway.RegisterTest.TestCase07 -->
      <class name="Testcases.Railway.LoginTest.TestCase02">
        <test-method is-config="true" signature="beforeClass(java.lang.String)[pri:0, instance:Testcases.Railway.LoginTest.TestCase02@8e0379d]" started-at="2021-06-24T13:39:00 ICT" name="beforeClass" finished-at="2021-06-24T13:39:01 ICT" duration-ms="906" status="PASS">
          <params>
            <param index="0">
              <value>
                <![CDATA[edge]]>
              </value>
            </param>
          </params>
          <reporter-output>
          </reporter-output>
        </test-method> <!-- beforeClass -->
        <test-method signature="TC02()[pri:0, instance:Testcases.Railway.LoginTest.TestCase02@8e0379d]" started-at="2021-06-24T13:39:01 ICT" name="TC02" description="TC02 - User can&#039;t login with blank &quot;Username&quot; textbox" finished-at="2021-06-24T13:39:05 ICT" duration-ms="3710" status="PASS">
          <reporter-output>
          </reporter-output>
        </test-method> <!-- TC02 -->
        <test-method is-config="true" signature="getResult(org.testng.ITestResult)[pri:0, instance:Testcases.Railway.LoginTest.TestCase02@8e0379d]" started-at="2021-06-24T13:39:05 ICT" name="getResult" finished-at="2021-06-24T13:39:05 ICT" duration-ms="1" status="PASS">
          <params>
            <param index="0">
              <value>
                <![CDATA[[TestResult name=TC02 status=SUCCESS method=TestCase02.TC02()[pri:0, instance:Testcases.Railway.LoginTest.TestCase02@8e0379d] output={null}]]]>
              </value>
            </param>
          </params>
          <reporter-output>
          </reporter-output>
        </test-method> <!-- getResult -->
        <test-method is-config="true" signature="afterClass()[pri:0, instance:Testcases.Railway.LoginTest.TestCase02@8e0379d]" started-at="2021-06-24T13:39:05 ICT" name="afterClass" finished-at="2021-06-24T13:39:05 ICT" duration-ms="213" status="PASS">
          <reporter-output>
          </reporter-output>
        </test-method> <!-- afterClass -->
      </class> <!-- Testcases.Railway.LoginTest.TestCase02 -->
      <class name="Testcases.Railway.LoginTest.TestCase01">
        <test-method is-config="true" signature="startReport()[pri:0, instance:Testcases.Railway.LoginTest.TestCase01@29f69090]" started-at="2021-06-24T13:38:54 ICT" name="startReport" finished-at="2021-06-24T13:38:54 ICT" duration-ms="187" status="PASS">
          <reporter-output>
          </reporter-output>
        </test-method> <!-- startReport -->
        <test-method is-config="true" signature="beforeClass(java.lang.String)[pri:0, instance:Testcases.Railway.LoginTest.TestCase01@29f69090]" started-at="2021-06-24T13:38:54 ICT" name="beforeClass" finished-at="2021-06-24T13:38:55 ICT" duration-ms="1521" status="PASS">
          <params>
            <param index="0">
              <value>
                <![CDATA[edge]]>
              </value>
            </param>
          </params>
          <reporter-output>
          </reporter-output>
        </test-method> <!-- beforeClass -->
        <test-method signature="TC01()[pri:0, instance:Testcases.Railway.LoginTest.TestCase01@29f69090]" started-at="2021-06-24T13:38:55 ICT" name="TC01" description="TC01 - User can log into Railway with valid username and password" finished-at="2021-06-24T13:39:00 ICT" duration-ms="4518" status="PASS">
          <reporter-output>
          </reporter-output>
        </test-method> <!-- TC01 -->
        <test-method is-config="true" signature="getResult(org.testng.ITestResult)[pri:0, instance:Testcases.Railway.LoginTest.TestCase01@29f69090]" started-at="2021-06-24T13:39:00 ICT" name="getResult" finished-at="2021-06-24T13:39:00 ICT" duration-ms="2" status="PASS">
          <params>
            <param index="0">
              <value>
                <![CDATA[[TestResult name=TC01 status=SUCCESS method=TestCase01.TC01()[pri:0, instance:Testcases.Railway.LoginTest.TestCase01@29f69090] output={null}]]]>
              </value>
            </param>
          </params>
          <reporter-output>
          </reporter-output>
        </test-method> <!-- getResult -->
        <test-method is-config="true" signature="afterClass()[pri:0, instance:Testcases.Railway.LoginTest.TestCase01@29f69090]" started-at="2021-06-24T13:39:00 ICT" name="afterClass" finished-at="2021-06-24T13:39:00 ICT" duration-ms="185" status="PASS">
          <reporter-output>
          </reporter-output>
        </test-method> <!-- afterClass -->
        <test-method is-config="true" signature="endReport()[pri:0, instance:Testcases.Railway.LoginTest.TestCase01@29f69090]" started-at="2021-06-24T13:40:14 ICT" name="endReport" finished-at="2021-06-24T13:40:14 ICT" duration-ms="376" status="PASS">
          <reporter-output>
          </reporter-output>
        </test-method> <!-- endReport -->
      </class> <!-- Testcases.Railway.LoginTest.TestCase01 -->
      <class name="Testcases.Railway.LoginTest.TestCase04">
        <test-method is-config="true" signature="beforeClass(java.lang.String)[pri:0, instance:Testcases.Railway.LoginTest.TestCase04@55a1c291]" started-at="2021-06-24T13:39:10 ICT" name="beforeClass" finished-at="2021-06-24T13:39:11 ICT" duration-ms="981" status="PASS">
          <params>
            <param index="0">
              <value>
                <![CDATA[edge]]>
              </value>
            </param>
          </params>
          <reporter-output>
          </reporter-output>
        </test-method> <!-- beforeClass -->
        <test-method signature="TC04()[pri:0, instance:Testcases.Railway.LoginTest.TestCase04@55a1c291]" started-at="2021-06-24T13:39:11 ICT" name="TC04" description="TC04 - Login page displays when un-logged User clicks on &quot;Book ticket&quot; tab" finished-at="2021-06-24T13:39:14 ICT" duration-ms="3265" status="PASS">
          <reporter-output>
          </reporter-output>
        </test-method> <!-- TC04 -->
        <test-method is-config="true" signature="getResult(org.testng.ITestResult)[pri:0, instance:Testcases.Railway.LoginTest.TestCase04@55a1c291]" started-at="2021-06-24T13:39:14 ICT" name="getResult" finished-at="2021-06-24T13:39:14 ICT" duration-ms="1" status="PASS">
          <params>
            <param index="0">
              <value>
                <![CDATA[[TestResult name=TC04 status=SUCCESS method=TestCase04.TC04()[pri:0, instance:Testcases.Railway.LoginTest.TestCase04@55a1c291] output={null}]]]>
              </value>
            </param>
          </params>
          <reporter-output>
          </reporter-output>
        </test-method> <!-- getResult -->
        <test-method is-config="true" signature="afterClass()[pri:0, instance:Testcases.Railway.LoginTest.TestCase04@55a1c291]" started-at="2021-06-24T13:39:14 ICT" name="afterClass" finished-at="2021-06-24T13:39:14 ICT" duration-ms="183" status="PASS">
          <reporter-output>
          </reporter-output>
        </test-method> <!-- afterClass -->
      </class> <!-- Testcases.Railway.LoginTest.TestCase04 -->
      <class name="Testcases.Railway.LoginTest.TestCase03">
        <test-method is-config="true" signature="beforeClass(java.lang.String)[pri:0, instance:Testcases.Railway.LoginTest.TestCase03@341b80b2]" started-at="2021-06-24T13:39:05 ICT" name="beforeClass" finished-at="2021-06-24T13:39:06 ICT" duration-ms="1035" status="PASS">
          <params>
            <param index="0">
              <value>
                <![CDATA[edge]]>
              </value>
            </param>
          </params>
          <reporter-output>
          </reporter-output>
        </test-method> <!-- beforeClass -->
        <test-method signature="TC03()[pri:0, instance:Testcases.Railway.LoginTest.TestCase03@341b80b2]" started-at="2021-06-24T13:39:06 ICT" name="TC03" description="TC03 - User cannot log into Railway with invalid password" finished-at="2021-06-24T13:39:10 ICT" duration-ms="3515" status="PASS">
          <reporter-output>
          </reporter-output>
        </test-method> <!-- TC03 -->
        <test-method is-config="true" signature="getResult(org.testng.ITestResult)[pri:0, instance:Testcases.Railway.LoginTest.TestCase03@341b80b2]" started-at="2021-06-24T13:39:10 ICT" name="getResult" finished-at="2021-06-24T13:39:10 ICT" duration-ms="0" status="PASS">
          <params>
            <param index="0">
              <value>
                <![CDATA[[TestResult name=TC03 status=SUCCESS method=TestCase03.TC03()[pri:0, instance:Testcases.Railway.LoginTest.TestCase03@341b80b2] output={null}]]]>
              </value>
            </param>
          </params>
          <reporter-output>
          </reporter-output>
        </test-method> <!-- getResult -->
        <test-method is-config="true" signature="afterClass()[pri:0, instance:Testcases.Railway.LoginTest.TestCase03@341b80b2]" started-at="2021-06-24T13:39:10 ICT" name="afterClass" finished-at="2021-06-24T13:39:10 ICT" duration-ms="263" status="PASS">
          <reporter-output>
          </reporter-output>
        </test-method> <!-- afterClass -->
      </class> <!-- Testcases.Railway.LoginTest.TestCase03 -->
      <class name="Testcases.Railway.RegisterTest.TestCase11">
        <test-method is-config="true" signature="beforeClass(java.lang.String)[pri:0, instance:Testcases.Railway.RegisterTest.TestCase11@7d68ef40]" started-at="2021-06-24T13:39:47 ICT" name="beforeClass" finished-at="2021-06-24T13:39:48 ICT" duration-ms="808" status="PASS">
          <params>
            <param index="0">
              <value>
                <![CDATA[edge]]>
              </value>
            </param>
          </params>
          <reporter-output>
          </reporter-output>
        </test-method> <!-- beforeClass -->
        <test-method signature="TC11()[pri:0, instance:Testcases.Railway.RegisterTest.TestCase11@7d68ef40]" started-at="2021-06-24T13:39:48 ICT" name="TC11" description="TC11 - User can&#039;t create account while password and PID fields are empty" finished-at="2021-06-24T13:39:52 ICT" duration-ms="4098" status="PASS">
          <reporter-output>
          </reporter-output>
        </test-method> <!-- TC11 -->
        <test-method is-config="true" signature="getResult(org.testng.ITestResult)[pri:0, instance:Testcases.Railway.RegisterTest.TestCase11@7d68ef40]" started-at="2021-06-24T13:39:52 ICT" name="getResult" finished-at="2021-06-24T13:39:52 ICT" duration-ms="0" status="PASS">
          <params>
            <param index="0">
              <value>
                <![CDATA[[TestResult name=TC11 status=SUCCESS method=TestCase11.TC11()[pri:0, instance:Testcases.Railway.RegisterTest.TestCase11@7d68ef40] output={null}]]]>
              </value>
            </param>
          </params>
          <reporter-output>
          </reporter-output>
        </test-method> <!-- getResult -->
        <test-method is-config="true" signature="afterClass()[pri:0, instance:Testcases.Railway.RegisterTest.TestCase11@7d68ef40]" started-at="2021-06-24T13:39:52 ICT" name="afterClass" finished-at="2021-06-24T13:39:52 ICT" duration-ms="164" status="PASS">
          <reporter-output>
          </reporter-output>
        </test-method> <!-- afterClass -->
      </class> <!-- Testcases.Railway.RegisterTest.TestCase11 -->
      <class name="Testcases.Railway.RegisterTest.TestCase10">
        <test-method is-config="true" signature="beforeClass(java.lang.String)[pri:0, instance:Testcases.Railway.RegisterTest.TestCase10@123f1134]" started-at="2021-06-24T13:39:42 ICT" name="beforeClass" finished-at="2021-06-24T13:39:43 ICT" duration-ms="861" status="PASS">
          <params>
            <param index="0">
              <value>
                <![CDATA[edge]]>
              </value>
            </param>
          </params>
          <reporter-output>
          </reporter-output>
        </test-method> <!-- beforeClass -->
        <test-method signature="TC10()[pri:0, instance:Testcases.Railway.RegisterTest.TestCase10@123f1134]" started-at="2021-06-24T13:39:43 ICT" name="TC10" description="TC10 - User can&#039;t create account with &quot;Confirm password&quot; is not the same with &quot;Password&quot;" finished-at="2021-06-24T13:39:47 ICT" duration-ms="3722" status="PASS">
          <reporter-output>
          </reporter-output>
        </test-method> <!-- TC10 -->
        <test-method is-config="true" signature="getResult(org.testng.ITestResult)[pri:0, instance:Testcases.Railway.RegisterTest.TestCase10@123f1134]" started-at="2021-06-24T13:39:47 ICT" name="getResult" finished-at="2021-06-24T13:39:47 ICT" duration-ms="1" status="PASS">
          <params>
            <param index="0">
              <value>
                <![CDATA[[TestResult name=TC10 status=SUCCESS method=TestCase10.TC10()[pri:0, instance:Testcases.Railway.RegisterTest.TestCase10@123f1134] output={null}]]]>
              </value>
            </param>
          </params>
          <reporter-output>
          </reporter-output>
        </test-method> <!-- getResult -->
        <test-method is-config="true" signature="afterClass()[pri:0, instance:Testcases.Railway.RegisterTest.TestCase10@123f1134]" started-at="2021-06-24T13:39:47 ICT" name="afterClass" finished-at="2021-06-24T13:39:47 ICT" duration-ms="166" status="PASS">
          <reporter-output>
          </reporter-output>
        </test-method> <!-- afterClass -->
      </class> <!-- Testcases.Railway.RegisterTest.TestCase10 -->
      <class name="Testcases.Railway.TimetableTest.TestCase15">
        <test-method is-config="true" signature="beforeClass(java.lang.String)[pri:0, instance:Testcases.Railway.TimetableTest.TestCase15@75c072cb]" started-at="2021-06-24T13:39:59 ICT" name="beforeClass" finished-at="2021-06-24T13:40:00 ICT" duration-ms="927" status="PASS">
          <params>
            <param index="0">
              <value>
                <![CDATA[edge]]>
              </value>
            </param>
          </params>
          <reporter-output>
          </reporter-output>
        </test-method> <!-- beforeClass -->
        <test-method signature="TC15()[pri:0, instance:Testcases.Railway.TimetableTest.TestCase15@75c072cb]" started-at="2021-06-24T13:40:00 ICT" name="TC15" description="TC15 - User can open &quot;Book ticket&quot; page by clicking on &quot;Book ticket&quot; link in &quot;Train timetable&quot; page" finished-at="2021-06-24T13:40:05 ICT" duration-ms="5381" status="PASS">
          <reporter-output>
          </reporter-output>
        </test-method> <!-- TC15 -->
        <test-method is-config="true" signature="getResult(org.testng.ITestResult)[pri:0, instance:Testcases.Railway.TimetableTest.TestCase15@75c072cb]" started-at="2021-06-24T13:40:05 ICT" name="getResult" finished-at="2021-06-24T13:40:05 ICT" duration-ms="0" status="PASS">
          <params>
            <param index="0">
              <value>
                <![CDATA[[TestResult name=TC15 status=SUCCESS method=TestCase15.TC15()[pri:0, instance:Testcases.Railway.TimetableTest.TestCase15@75c072cb] output={null}]]]>
              </value>
            </param>
          </params>
          <reporter-output>
          </reporter-output>
        </test-method> <!-- getResult -->
        <test-method is-config="true" signature="afterClass()[pri:0, instance:Testcases.Railway.TimetableTest.TestCase15@75c072cb]" started-at="2021-06-24T13:40:05 ICT" name="afterClass" finished-at="2021-06-24T13:40:06 ICT" duration-ms="184" status="PASS">
          <reporter-output>
          </reporter-output>
        </test-method> <!-- afterClass -->
      </class> <!-- Testcases.Railway.TimetableTest.TestCase15 -->
      <class name="Testcases.Railway.BookTicketTest.TestCase14">
        <test-method is-config="true" signature="beforeClass(java.lang.String)[pri:0, instance:Testcases.Railway.BookTicketTest.TestCase14@5b0abc94]" started-at="2021-06-24T13:39:52 ICT" name="beforeClass" finished-at="2021-06-24T13:39:53 ICT" duration-ms="906" status="PASS">
          <params>
            <param index="0">
              <value>
                <![CDATA[edge]]>
              </value>
            </param>
          </params>
          <reporter-output>
          </reporter-output>
        </test-method> <!-- beforeClass -->
        <test-method signature="TC14()[pri:0, instance:Testcases.Railway.BookTicketTest.TestCase14@5b0abc94]" started-at="2021-06-24T13:39:53 ICT" name="TC14" description="TC14 - User can book 1 ticket at a time" finished-at="2021-06-24T13:39:59 ICT" duration-ms="5953" status="PASS">
          <reporter-output>
          </reporter-output>
        </test-method> <!-- TC14 -->
        <test-method is-config="true" signature="getResult(org.testng.ITestResult)[pri:0, instance:Testcases.Railway.BookTicketTest.TestCase14@5b0abc94]" started-at="2021-06-24T13:39:59 ICT" name="getResult" finished-at="2021-06-24T13:39:59 ICT" duration-ms="1" status="PASS">
          <params>
            <param index="0">
              <value>
                <![CDATA[[TestResult name=TC14 status=SUCCESS method=TestCase14.TC14()[pri:0, instance:Testcases.Railway.BookTicketTest.TestCase14@5b0abc94] output={null}]]]>
              </value>
            </param>
          </params>
          <reporter-output>
          </reporter-output>
        </test-method> <!-- getResult -->
        <test-method is-config="true" signature="afterClass()[pri:0, instance:Testcases.Railway.BookTicketTest.TestCase14@5b0abc94]" started-at="2021-06-24T13:39:59 ICT" name="afterClass" finished-at="2021-06-24T13:39:59 ICT" duration-ms="261" status="PASS">
          <reporter-output>
          </reporter-output>
        </test-method> <!-- afterClass -->
      </class> <!-- Testcases.Railway.BookTicketTest.TestCase14 -->
      <class name="Testcases.Railway.ChangePasswordTest.TestCase09">
        <test-method is-config="true" signature="beforeClass(java.lang.String)[pri:0, instance:Testcases.Railway.ChangePasswordTest.TestCase09@482cd91f]" started-at="2021-06-24T13:39:35 ICT" name="beforeClass" finished-at="2021-06-24T13:39:36 ICT" duration-ms="867" status="PASS">
          <params>
            <param index="0">
              <value>
                <![CDATA[edge]]>
              </value>
            </param>
          </params>
          <reporter-output>
          </reporter-output>
        </test-method> <!-- beforeClass -->
        <test-method signature="TC09()[pri:0, instance:Testcases.Railway.ChangePasswordTest.TestCase09@482cd91f]" started-at="2021-06-24T13:39:36 ICT" name="TC09" description="TC09 - User can change password" finished-at="2021-06-24T13:39:42 ICT" duration-ms="5684" status="PASS">
          <reporter-output>
          </reporter-output>
        </test-method> <!-- TC09 -->
        <test-method is-config="true" signature="getResult(org.testng.ITestResult)[pri:0, instance:Testcases.Railway.ChangePasswordTest.TestCase09@482cd91f]" started-at="2021-06-24T13:39:42 ICT" name="getResult" finished-at="2021-06-24T13:39:42 ICT" duration-ms="0" status="PASS">
          <params>
            <param index="0">
              <value>
                <![CDATA[[TestResult name=TC09 status=SUCCESS method=TestCase09.TC09()[pri:0, instance:Testcases.Railway.ChangePasswordTest.TestCase09@482cd91f] output={null}]]]>
              </value>
            </param>
          </params>
          <reporter-output>
          </reporter-output>
        </test-method> <!-- getResult -->
        <test-method is-config="true" signature="afterClass()[pri:0, instance:Testcases.Railway.ChangePasswordTest.TestCase09@482cd91f]" started-at="2021-06-24T13:39:42 ICT" name="afterClass" finished-at="2021-06-24T13:39:42 ICT" duration-ms="162" status="PASS">
          <reporter-output>
          </reporter-output>
        </test-method> <!-- afterClass -->
      </class> <!-- Testcases.Railway.ChangePasswordTest.TestCase09 -->
    </test> <!-- Railway test -->
  </suite> <!-- All Test Suite -->
</testng-results>
